This file contains any messages produced by compilers while
running configure, to aid debugging if configure makes a mistake.

It was created by factorial configure 1.0, which was
generated by GNU Autoconf 2.71.  Invocation command line was

  $ ./configure

## --------- ##
## Platform. ##
## --------- ##

hostname = MacBook-Air-user.local
uname -m = x86_64
uname -r = 22.5.0
uname -s = Darwin
uname -v = Darwin Kernel Version 22.5.0: Thu Jun  8 22:22:22 PDT 2023; root:xnu-8796.121.3~7/RELEASE_X86_64

/usr/bin/uname -p = i386
/bin/uname -X     = unknown

/bin/arch              = unknown
/usr/bin/arch -k       = unknown
/usr/convex/getsysinfo = unknown
/usr/bin/hostinfo      = Mach kernel version:
	 Darwin Kernel Version 22.5.0: Thu Jun  8 22:22:22 PDT 2023; root:xnu-8796.121.3~7/RELEASE_X86_64
Kernel configured for up to 4 processors.
2 processors are physically available.
4 processors are logically available.
Processor type: x86_64h (Intel x86-64h Haswell)
Processors active: 0 1 2 3
Primary memory available: 8.00 gigabytes
Default processor set: 494 tasks, 2015 threads, 4 processors
Load average: 1.59, Mach factor: 2.40
/bin/machine           = unknown
/usr/bin/oslevel       = unknown
/bin/universe          = unknown

PATH: /Library/Frameworks/Python.framework/Versions/3.11/bin/
PATH: /usr/local/bin/
PATH: /System/Cryptexes/App/usr/bin/
PATH: /usr/bin/
PATH: /bin/
PATH: /usr/sbin/
PATH: /sbin/
PATH: /Library/TeX/texbin/
PATH: /usr/local/share/dotnet/
PATH: /opt/X11/bin/
PATH: ~/.dotnet/tools/
PATH: /Library/Apple/usr/bin/
PATH: /Library/Frameworks/Mono.framework/Versions/Current/Commands/
PATH: /var/run/com.apple.security.cryptexd/codex.system/bootstrap/usr/local/bin/
PATH: /var/run/com.apple.security.cryptexd/codex.system/bootstrap/usr/bin/
PATH: /var/run/com.apple.security.cryptexd/codex.system/bootstrap/usr/appleinternal/bin/


## ----------- ##
## Core tests. ##
## ----------- ##

configure:2345: checking for gcc
configure:2366: found /usr/bin/gcc
configure:2377: result: gcc
configure:2730: checking for C compiler version
configure:2739: gcc --version >&5
Apple clang version 14.0.3 (clang-1403.0.22.14.1)
Target: x86_64-apple-darwin22.5.0
Thread model: posix
InstalledDir: /Library/Developer/CommandLineTools/usr/bin
configure:2750: $? = 0
configure:2739: gcc -v >&5
Apple clang version 14.0.3 (clang-1403.0.22.14.1)
Target: x86_64-apple-darwin22.5.0
Thread model: posix
InstalledDir: /Library/Developer/CommandLineTools/usr/bin
configure:2750: $? = 0
configure:2739: gcc -V >&5
clang: error: argument to '-V' is missing (expected 1 value)
clang: error: no input files
configure:2750: $? = 1
configure:2739: gcc -qversion >&5
clang: error: unknown argument '-qversion'; did you mean '--version'?
clang: error: no input files
configure:2750: $? = 1
configure:2739: gcc -version >&5
clang: error: unknown argument '-version'; did you mean '--version'?
clang: error: no input files
configure:2750: $? = 1
configure:2770: checking whether the C compiler works
configure:2792: gcc    conftest.c  >&5
configure:2796: $? = 0
configure:2846: result: yes
configure:2849: checking for C compiler default output file name
configure:2851: result: a.out
configure:2857: checking for suffix of executables
configure:2864: gcc -o conftest    conftest.c  >&5
configure:2868: $? = 0
configure:2891: result: 
configure:2913: checking whether we are cross compiling
configure:2921: gcc -o conftest    conftest.c  >&5
configure:2925: $? = 0
configure:2932: ./conftest
configure:2936: $? = 0
configure:2951: result: no
configure:2956: checking for suffix of object files
configure:2979: gcc -c   conftest.c >&5
configure:2983: $? = 0
configure:3005: result: o
configure:3009: checking whether the compiler supports GNU C
configure:3029: gcc -c   conftest.c >&5
configure:3029: $? = 0
configure:3039: result: yes
configure:3050: checking whether gcc accepts -g
configure:3071: gcc -c -g  conftest.c >&5
configure:3071: $? = 0
configure:3115: result: yes
configure:3135: checking for gcc option to enable C11 features
configure:3150: gcc  -c -g -O2  conftest.c >&5
conftest.c:23:14: warning: a function declaration without a prototype is deprecated in all versions of C and is not supported in C2x [-Wdeprecated-non-prototype]
static char *e (p, i)
             ^
1 warning generated.
configure:3150: $? = 0
configure:3168: result: none needed
configure:3284: checking for install
configure:3305: found /usr/bin/install
configure:3316: result: install
configure:3334: checking for stdio.h
configure:3334: gcc -c -g -O2  conftest.c >&5
configure:3334: $? = 0
configure:3334: result: yes
configure:3334: checking for stdlib.h
configure:3334: gcc -c -g -O2  conftest.c >&5
configure:3334: $? = 0
configure:3334: result: yes
configure:3334: checking for string.h
configure:3334: gcc -c -g -O2  conftest.c >&5
configure:3334: $? = 0
configure:3334: result: yes
configure:3334: checking for inttypes.h
configure:3334: gcc -c -g -O2  conftest.c >&5
configure:3334: $? = 0
configure:3334: result: yes
configure:3334: checking for stdint.h
configure:3334: gcc -c -g -O2  conftest.c >&5
configure:3334: $? = 0
configure:3334: result: yes
configure:3334: checking for strings.h
configure:3334: gcc -c -g -O2  conftest.c >&5
configure:3334: $? = 0
configure:3334: result: yes
configure:3334: checking for sys/stat.h
configure:3334: gcc -c -g -O2  conftest.c >&5
configure:3334: $? = 0
configure:3334: result: yes
configure:3334: checking for sys/types.h
configure:3334: gcc -c -g -O2  conftest.c >&5
configure:3334: $? = 0
configure:3334: result: yes
configure:3334: checking for unistd.h
configure:3334: gcc -c -g -O2  conftest.c >&5
configure:3334: $? = 0
configure:3334: result: yes
configure:3359: checking for stdio.h
configure:3359: result: yes
configure:3366: checking for printf
configure:3366: gcc -o conftest -g -O2   conftest.c  >&5
conftest.c:36:6: warning: incompatible redeclaration of library function 'printf' [-Wincompatible-library-redeclaration]
char printf ();
     ^
conftest.c:36:6: note: 'printf' is a builtin with type 'int (const char *, ...)'
1 warning generated.
configure:3366: $? = 0
configure:3366: result: yes
configure:3372: checking for scanf
configure:3372: gcc -o conftest -g -O2   conftest.c  >&5
conftest.c:37:6: warning: incompatible redeclaration of library function 'scanf' [-Wincompatible-library-redeclaration]
char scanf ();
     ^
conftest.c:37:6: note: 'scanf' is a builtin with type 'int (const char *restrict, ...)'
1 warning generated.
configure:3372: $? = 0
configure:3372: result: yes
configure:3565: creating ./config.status

## ---------------------- ##
## Running config.status. ##
## ---------------------- ##

This file was extended by factorial config.status 1.0, which was
generated by GNU Autoconf 2.71.  Invocation command line was

  CONFIG_FILES    = 
  CONFIG_HEADERS  = 
  CONFIG_LINKS    = 
  CONFIG_COMMANDS = 
  $ ./config.status 

on MacBook-Air-user.local

config.status:715: creating Makefile

## ---------------- ##
## Cache variables. ##
## ---------------- ##

ac_cv_c_compiler_gnu=yes
ac_cv_env_CC_set=
ac_cv_env_CC_value=
ac_cv_env_CFLAGS_set=
ac_cv_env_CFLAGS_value=
ac_cv_env_CPPFLAGS_set=
ac_cv_env_CPPFLAGS_value=
ac_cv_env_LDFLAGS_set=
ac_cv_env_LDFLAGS_value=
ac_cv_env_LIBS_set=
ac_cv_env_LIBS_value=
ac_cv_env_build_alias_set=
ac_cv_env_build_alias_value=
ac_cv_env_host_alias_set=
ac_cv_env_host_alias_value=
ac_cv_env_target_alias_set=
ac_cv_env_target_alias_value=
ac_cv_func_printf=yes
ac_cv_func_scanf=yes
ac_cv_header_inttypes_h=yes
ac_cv_header_stdint_h=yes
ac_cv_header_stdio_h=yes
ac_cv_header_stdlib_h=yes
ac_cv_header_string_h=yes
ac_cv_header_strings_h=yes
ac_cv_header_sys_stat_h=yes
ac_cv_header_sys_types_h=yes
ac_cv_header_unistd_h=yes
ac_cv_objext=o
ac_cv_prog_INSTALL=install
ac_cv_prog_ac_ct_CC=gcc
ac_cv_prog_cc_c11=
ac_cv_prog_cc_g=yes
ac_cv_prog_cc_stdc=

## ----------------- ##
## Output variables. ##
## ----------------- ##

CC='gcc'
CFLAGS='-Wall -O2'
CPPFLAGS=''
DEFS='-DPACKAGE_NAME=\"factorial\" -DPACKAGE_TARNAME=\"factorial\" -DPACKAGE_VERSION=\"1.0\" -DPACKAGE_STRING=\"factorial\ 1.0\" -DPACKAGE_BUGREPORT=\"\" -DPACKAGE_URL=\"\" -DHAVE_STDIO_H=1 -DHAVE_STDLIB_H=1 -DHAVE_STRING_H=1 -DHAVE_INTTYPES_H=1 -DHAVE_STDINT_H=1 -DHAVE_STRINGS_H=1 -DHAVE_SYS_STAT_H=1 -DHAVE_SYS_TYPES_H=1 -DHAVE_UNISTD_H=1 -DSTDC_HEADERS=1 -DHAVE_STDIO_H=1 -DHAVE_PRINTF=1 -DHAVE_SCANF=1'
ECHO_C='\c'
ECHO_N=''
ECHO_T=''
EXEEXT=''
INSTALL='install'
LDFLAGS=''
LIBOBJS=''
LIBS=''
LTLIBOBJS=''
OBJEXT='o'
PACKAGE_BUGREPORT=''
PACKAGE_NAME='factorial'
PACKAGE_STRING='factorial 1.0'
PACKAGE_TARNAME='factorial'
PACKAGE_URL=''
PACKAGE_VERSION='1.0'
PATH_SEPARATOR=':'
SHELL='/bin/sh'
ac_ct_CC='gcc'
bindir='${exec_prefix}/bin'
build_alias=''
datadir='${datarootdir}'
datarootdir='${prefix}/share'
docdir='${datarootdir}/doc/${PACKAGE_TARNAME}'
dvidir='${docdir}'
exec_prefix='${prefix}'
host_alias=''
htmldir='${docdir}'
includedir='${prefix}/include'
infodir='${datarootdir}/info'
libdir='${exec_prefix}/lib'
libexecdir='${exec_prefix}/libexec'
localedir='${datarootdir}/locale'
localstatedir='${prefix}/var'
mandir='${datarootdir}/man'
oldincludedir='/usr/include'
pdfdir='${docdir}'
prefix='/usr/local'
program_transform_name='s,x,x,'
psdir='${docdir}'
runstatedir='${localstatedir}/run'
sbindir='${exec_prefix}/sbin'
sharedstatedir='${prefix}/com'
sysconfdir='${prefix}/etc'
target_alias=''

## ----------- ##
## confdefs.h. ##
## ----------- ##

/* confdefs.h */
#define PACKAGE_NAME "factorial"
#define PACKAGE_TARNAME "factorial"
#define PACKAGE_VERSION "1.0"
#define PACKAGE_STRING "factorial 1.0"
#define PACKAGE_BUGREPORT ""
#define PACKAGE_URL ""
#define HAVE_STDIO_H 1
#define HAVE_STDLIB_H 1
#define HAVE_STRING_H 1
#define HAVE_INTTYPES_H 1
#define HAVE_STDINT_H 1
#define HAVE_STRINGS_H 1
#define HAVE_SYS_STAT_H 1
#define HAVE_SYS_TYPES_H 1
#define HAVE_UNISTD_H 1
#define STDC_HEADERS 1
#define HAVE_STDIO_H 1
#define HAVE_PRINTF 1
#define HAVE_SCANF 1

configure: exit 0
